Starting Dynare (version 5.1).
Calling Dynare with arguments: none
Starting preprocessing of the model file ...
Found 6 equation(s).
Evaluating expressions...done
Computing static model derivatives (order 2).
Computing static model derivatives w.r.t. parameters (order 2).
Computing dynamic model derivatives (order 2).
Computing dynamic model derivatives w.r.t. parameters (order 2).
Processing outputs ...
done
Preprocessing completed.





Residuals of the static equations:

Equation number 1 : 0 : Y
Equation number 2 : 0 : Pi
Equation number 3 : 0 : 3
Equation number 4 : 0 : D
Equation number 5 : 0 : Z
Equation number 6 : 0 : Eps_R



STEADY-STATE RESULTS:

Y     		 0
R     		 0
Pi    		 0
D     		 0
Z     		 0
Eps_R 		 0

EIGENVALUES:
         Modulus             Real        Imaginary

           0.371            0.371                0
           0.924            0.924                0
           0.992            0.992                0
               1                1                0
            1.01             1.01                0


There are 2 eigenvalue(s) larger than 1 in modulus 
for 2 forward-looking variable(s)

The rank condition is verified.


MODEL SUMMARY

  Number of variables:         6
  Number of stochastic shocks: 3
  Number of state variables:   3
  Number of jumpers:           2
  Number of static variables:  1


MATRIX OF COVARIANCE OF EXOGENOUS SHOCKS
Variables     Shock_D   Shock_Z   Shock_R
Shock_D      0.010404  0.000000  0.000000
Shock_Z      0.000000  0.104976  0.000000
Shock_R      0.000000  0.000000  0.003249

POLICY AND TRANSITION FUNCTIONS
                                   Y               R              Pi               D               Z           Eps_R
D(-1)                       3.551956        2.142989        1.189271        0.992000               0               0
Z(-1)                       0.273073        0.046730        0.588956               0        0.371000               0
Eps_R(-1)                 -12.143131        0.134212       -0.854749               0               0        0.924000
Shock_D                     3.580601        2.160271        1.198862        1.000000               0               0
Shock_Z                     0.736046        0.125956        1.587483               0        1.000000               0
Shock_R                   -13.141917        0.145251       -0.925053               0               0        1.000000


THEORETICAL MOMENTS
VARIABLE         MEAN  STD. DEV.   VARIANCE
Y              0.0000     3.5034    12.2736
R              0.0000     1.7462     3.0492
Pi             0.0000     1.1243     1.2641
D              0.0000     0.8080     0.6529
Z              0.0000     0.3489     0.1217
Eps_R          0.0000     0.1491     0.0222



VARIANCE DECOMPOSITION (in percent)
         Shock_D  Shock_Z  Shock_R
Y          68.20     0.54    31.27
R          99.92     0.06     0.02
Pi         74.23    24.27     1.50
D         100.00     0.00     0.00
Z           0.00   100.00     0.00
Eps_R       0.00     0.00   100.00



MATRIX OF CORRELATIONS
Variables          Y        R       Pi        D        Z    Eps_R
Y             1.0000   0.8204   0.8162   0.8258   0.0733  -0.5592
R             0.8204   1.0000   0.8721   0.9996   0.0252   0.0124
Pi            0.8162   0.8721   1.0000   0.8616   0.4926  -0.1226
D             0.8258   0.9996   0.8616   1.0000   0.0000   0.0000
Z             0.0733   0.0252   0.4926   0.0000   1.0000   0.0000
Eps_R        -0.5592   0.0124  -0.1226   0.0000   0.0000   1.0000



COEFFICIENTS OF AUTOCORRELATION
Order          1       2       3       4       5
Y         0.9674  0.9388  0.9127  0.8884  0.8657
R         0.9916  0.9835  0.9756  0.9677  0.9600
Pi        0.8403  0.7767  0.7489  0.7344  0.7249
D         0.9920  0.9841  0.9762  0.9684  0.9606
Z         0.3710  0.1376  0.0511  0.0189  0.0070
Eps_R     0.9240  0.8538  0.7889  0.7289  0.6735
All parameter values in the specified ranges give unique saddle-path solution,
and match prior IRF/moment restriction(s) if any!

======== Identification Analysis ========

Testing prior mean
  
Note that differences in the criteria could be due to numerical settings,
numerical errors or the method used to find problematic parameter sets.
Settings:
    Derivation mode for Jacobians:                         Analytic using sylvester equations
    Method to find problematic parameters:                 Nullspace and multicorrelation coefficients
    Normalize Jacobians:                                   Yes
    Tolerance level for rank computations:                 robust
    Tolerance level for selecting nonzero columns:         1e-08
    Tolerance level for selecting nonzero singular values: 1e-03

REDUCED-FORM:
    All parameters are identified in the Jacobian of steady state and reduced-form solution matrices (rank(Tau) is full with tol = robust).

MINIMAL SYSTEM (KOMUNJER AND NG, 2011):
    All parameters are identified in the Jacobian of steady state and minimal system (rank(Deltabar) is full with tol = robust).

SPECTRUM (QU AND TKACHENKO, 2012):
    All parameters are identified in the Jacobian of mean and spectrum (rank(Gbar) is full with tol = robust).

MOMENTS (ISKREV, 2010):
    All parameters are identified in the Jacobian of first two moments (rank(J) is full with tol = robust).

==== Identification analysis completed ====

Initial value of the log posterior (or likelihood): -10156.838

==========================================================
   Change in the posterior covariance matrix = 3.9997.
   Change in the posterior mean = 0.93124.
   Current mode = 423.9265
   Mode improvement = 9732.9115
   New value of jscale = 0.0069608
==========================================================

==========================================================
   Change in the posterior covariance matrix = 0.0045442.
   Change in the posterior mean = 0.24126.
   Current mode = 420.9048
   Mode improvement = 3.0217
   New value of jscale = 0.058949
==========================================================

==========================================================
   Change in the posterior covariance matrix = 0.0061699.
   Change in the posterior mean = 0.057947.
   Current mode = 420.1454
   Mode improvement = 0.75943
   New value of jscale = 0.073743
==========================================================

Optimal value of the scale parameter = 0.073743


Final value of minus the log posterior (or likelihood):420.145416 

MODE CHECK

Fval obtained by the minimization routine (minus the posterior/likelihood)): 420.145416

RESULTS FROM POSTERIOR ESTIMATION
parameters
        prior mean     mode    s.d.  prior pstdev

Kappa       0.1000   0.0048  0.0020   gamm 0.0500 
Phi_D       0.0000   0.9853  0.0386   unif 1.1547 
Phi_Z       0.0000  -0.4532  0.1011   unif 1.1547 
Rho_D       0.5000   0.9959  0.0325   beta 0.2000 
Rho_Z       0.5000   0.3636  0.0662   beta 0.2000 
Rho_R       0.5000   0.9332  0.0116   beta 0.2000 

standard deviation of shocks
        prior mean     mode    s.d.  prior pstdev

Shock_D     0.1000   0.0946  0.0590   invg 2.0000 
Shock_Z     0.1000   0.3233  0.0338   invg 2.0000 
Shock_R     0.1000   0.0504  0.0088   invg 2.0000 


Log data density [Laplace approximation] is -451.678296.

mh_jscale has been set equal to 0.014393
Estimation::mcmc: One Chain mode.
Estimation::mcmc: Old mh-files successfully erased!
Estimation::mcmc: Old metropolis.log file successfully erased!
Estimation::mcmc: Creation of a new metropolis.log file.
Estimation::mcmc: Initialization at the posterior mode.

Estimation::mcmc: Write details about the MCMC... Ok!
Estimation::mcmc: Details about the MCMC are available in NK_RR/metropolis\NK_RR_mh_history_0.mat

