Starting Dynare (version 5.1).
Calling Dynare with arguments: none
Starting preprocessing of the model file ...
Found 6 equation(s).
Evaluating expressions...done
Computing static model derivatives (order 2).
Computing static model derivatives w.r.t. parameters (order 2).
Computing dynamic model derivatives (order 2).
Computing dynamic model derivatives w.r.t. parameters (order 2).
Processing outputs ...
done
Preprocessing completed.





Residuals of the static equations:

Equation number 1 : 0 : Y
Equation number 2 : 0 : Pi
Equation number 3 : 0 : R
Equation number 4 : 0 : D
Equation number 5 : 0 : Z
Equation number 6 : 0 : Eps_R



STEADY-STATE RESULTS:

Y     		 0
R     		 0
Pi    		 0
D     		 0
Z     		 0
Eps_R 		 0

EIGENVALUES:
         Modulus             Real        Imaginary

           0.457            0.457                0
           0.962            0.962                0
           0.994            0.994                0
           1.486             1.34           0.6408
           1.486             1.34          -0.6408


There are 2 eigenvalue(s) larger than 1 in modulus 
for 2 forward-looking variable(s)

The rank condition is verified.


MODEL SUMMARY

  Number of variables:         6
  Number of stochastic shocks: 3
  Number of state variables:   3
  Number of jumpers:           2
  Number of static variables:  1


MATRIX OF COVARIANCE OF EXOGENOUS SHOCKS
Variables     Shock_D   Shock_Z   Shock_R
Shock_D      0.008464  0.000000  0.000000
Shock_Z      0.000000  0.330625  0.000000
Shock_R      0.000000  0.000000  0.657721

POLICY AND TRANSITION FUNCTIONS
                                   Y               R              Pi               D               Z           Eps_R
D(-1)                       0.083552        2.103205        1.189585        0.962000               0               0
Z(-1)                      -1.466433       -0.006248       -0.015137               0        0.994000               0
Eps_R(-1)                  -0.212211       -0.004850       -0.262759               0               0        0.457000
Shock_D                     0.086852        2.186284        1.236574        1.000000               0               0
Shock_Z                    -1.475284       -0.006286       -0.015229               0        1.000000               0
Shock_R                    -0.464357       -0.010614       -0.574966               0               0        1.000000


THEORETICAL MOMENTS
VARIABLE         MEAN  STD. DEV.   VARIANCE
Y              0.0000     7.7670    60.3267
R              0.0000     0.7374     0.5438
Pi             0.0000     0.6744     0.4548
D              0.0000     0.3369     0.1135
Z              0.0000     5.2569    27.6350
Eps_R          0.0000     0.9118     0.8313



VARIANCE DECOMPOSITION (in percent)
         Shock_D  Shock_Z  Shock_R
Y           0.00    99.70     0.30
R          99.78     0.20     0.02
Pi         38.17     1.41    60.42
D         100.00     0.00     0.00
Z           0.00   100.00     0.00
Eps_R       0.00     0.00   100.00



MATRIX OF CORRELATIONS
Variables          Y        R       Pi        D        Z    Eps_R
Y             1.0000   0.0492   0.1632   0.0038  -0.9985  -0.0545
R             0.0492   1.0000   0.6326   0.9989  -0.0448  -0.0131
Pi            0.1632   0.6326   1.0000   0.6178  -0.1187  -0.7773
D             0.0038   0.9989   0.6178   1.0000   0.0000   0.0000
Z            -0.9985  -0.0448  -0.1187   0.0000   1.0000   0.0000
Eps_R        -0.0545  -0.0131  -0.7773   0.0000   0.0000   1.0000



COEFFICIENTS OF AUTOCORRELATION
Order          1       2       3       4       5
Y         0.9924  0.9857  0.9795  0.9734  0.9675
R         0.9620  0.9254  0.8903  0.8565  0.8241
Pi        0.6573  0.4933  0.4113  0.3670  0.3402
D         0.9620  0.9254  0.8903  0.8564  0.8239
Z         0.9940  0.9880  0.9821  0.9762  0.9704
Eps_R     0.4570  0.2088  0.0954  0.0436  0.0199

======== Identification Analysis ========

Testing prior mean
  
Note that differences in the criteria could be due to numerical settings,
numerical errors or the method used to find problematic parameter sets.
Settings:
    Derivation mode for Jacobians:                         Analytic using sylvester equations
    Method to find problematic parameters:                 Nullspace and multicorrelation coefficients
    Normalize Jacobians:                                   Yes
    Tolerance level for rank computations:                 robust
    Tolerance level for selecting nonzero columns:         1e-08
    Tolerance level for selecting nonzero singular values: 1e-03

REDUCED-FORM:
    All parameters are identified in the Jacobian of steady state and reduced-form solution matrices (rank(Tau) is full with tol = robust).

MINIMAL SYSTEM (KOMUNJER AND NG, 2011):
    All parameters are identified in the Jacobian of steady state and minimal system (rank(Deltabar) is full with tol = robust).

SPECTRUM (QU AND TKACHENKO, 2012):
    All parameters are identified in the Jacobian of mean and spectrum (rank(Gbar) is full with tol = robust).

MOMENTS (ISKREV, 2010):
    All parameters are identified in the Jacobian of first two moments (rank(J) is full with tol = robust).

==== Identification analysis completed ====

Initial value of the log posterior (or likelihood): -462.0115
  n=9: (5,10)-CMA-ES(w=[46 27 16 9 3]%, mu_eff=3.2) on function dsge_likelihood
Iterat, #Fevals:   Function Value    (median,worst) |Axis Ratio|idx:Min SD idx:Max SD
    1 ,     11 : 6.2273025668576e+03 +(1e+05,6e+05) | 2.02e+04 |  6:6.6e-02  3:1.3e+03
    2 ,     21 : 5.4927470856534e+03 +(5e+04,5e+05) | 2.09e+04 |  6:6.3e-02  3:1.2e+03
   10 ,    101 : 5.3556458910371e+03 +(1e+03,6e+05) | 2.19e+04 |  6:6.1e-02  3:1.3e+03
   20 ,    201 : 5.4754891731801e+03 +(6e+02,1e+03) | 2.07e+04 |  6:4.0e-02  3:7.5e+02
   30 ,    301 : 5.1036469766945e+03 +(6e+02,1e+06) | 2.00e+04 |  6:2.7e-02  3:4.9e+02
   40 ,    401 : 4.9308775621053e+03 +(7e+04,2e+06) | 2.28e+04 |  6:2.0e-02  3:3.8e+02
   50 ,    501 : 4.5601790555133e+03 +(2e+05,2e+06) | 2.41e+04 |  6:1.3e-02  3:2.6e+02
   60 ,    601 : 4.3390741088832e+03 +(5e+02,1e+06) | 2.53e+04 |  6:8.6e-03  3:1.9e+02
   70 ,    701 : 3.5040259697691e+03 +(2e+05,2e+06) | 2.83e+04 |  6:4.8e-03  3:1.2e+02
   80 ,    801 : 4.1045446564677e+03 +(2e+05,1e+06) | 2.51e+04 |  6:2.2e-03  3:4.8e+01
   90 ,    901 : 3.7078876980462e+03 +(6e+02,2e+06) | 2.21e+04 |  6:5.0e-03  3:8.8e+01
Iterat, #Fevals:   Function Value    (median,worst) |Axis Ratio|idx:Min SD idx:Max SD
  100 ,   1001 : 4.6629823624466e+03 +(6e+05,2e+06) | 2.24e+04 |  6:1.1e-02  3:2.0e+02
  110 ,   1101 : 4.0518850749567e+03 +(8e+02,2e+06) | 2.19e+04 |  6:1.1e-02  3:1.9e+02
  120 ,   1201 : 4.2311989291309e+03 +(4e+05,2e+06) | 2.24e+04 |  6:7.1e-03  3:1.2e+02
  130 ,   1301 : 4.3657146893242e+03 +(3e+02,2e+06) | 2.08e+04 |  6:5.9e-03  3:9.1e+01
  140 ,   1401 : 3.6099806904819e+03 +(4e+05,2e+06) | 2.41e+04 |  6:4.5e-03  3:6.8e+01
  150 ,   1501 : 3.6500003557060e+03 +(5e+02,3e+06) | 2.45e+04 |  6:2.8e-03  3:4.7e+01
  160 ,   1601 : 3.0752352646091e+03 +(4e+05,3e+06) | 2.81e+04 |  6:1.8e-03  3:3.4e+01
  170 ,   1701 : 3.2004262405751e+03 +(3e+02,8e+05) | 3.09e+04 |  6:9.7e-04  3:2.0e+01
  180 ,   1801 : 3.0657702836680e+03 +(4e+05,3e+06) | 2.89e+04 |  6:8.6e-04  3:1.8e+01
  190 ,   1901 : 3.0666861204116e+03 +(5e+02,8e+05) | 2.42e+04 |  6:1.5e-03  3:2.6e+01
Iterat, #Fevals:   Function Value    (median,worst) |Axis Ratio|idx:Min SD idx:Max SD
  200 ,   2001 : 3.1177901164256e+03 +(3e+02,2e+06) | 2.47e+04 |  4:1.3e-03  3:2.3e+01
  210 ,   2101 : 2.9259243548994e+03 +(3e+02,7e+05) | 2.79e+04 |  4:6.9e-04  3:1.4e+01
  220 ,   2201 : 2.9513277868202e+03 +(2e+02,9e+02) | 2.55e+04 |  4:5.1e-04  3:9.5e+00
  230 ,   2301 : 2.9155764230122e+03 +(3e+01,1e+02) | 2.40e+04 |  4:2.0e-04  3:3.8e+00
  240 ,   2401 : 2.9074536356876e+03 +(1e+01,3e+01) | 2.88e+04 |  4:1.5e-04  3:3.0e+00
  250 ,   2501 : 2.9103349243807e+03 +(1e+01,3e+02) | 3.32e+04 |  4:1.7e-04  3:4.0e+00
  260 ,   2601 : 2.9083667641473e+03 +(3e+00,7e+00) | 3.11e+04 |  4:9.3e-05  3:2.0e+00
  270 ,   2701 : 2.9066139025006e+03 +(4e-01,3e+00) | 3.65e+04 |  4:6.4e-05  3:1.6e+00
  280 ,   2801 : 2.9062016816192e+03 +(3e-01,2e+00) | 4.24e+04 |  4:6.1e-05  3:1.6e+00
  290 ,   2901 : 2.9047901018563e+03 +(2e+00,6e+00) | 5.26e+04 |  4:6.9e-05  3:2.2e+00
Iterat, #Fevals:   Function Value    (median,worst) |Axis Ratio|idx:Min SD idx:Max SD
  300 ,   3001 : 2.9009582846786e+03 +(2e+00,7e+00) | 9.32e+04 |  4:1.4e-04  3:6.5e+00
  310 ,   3101 : 2.8911671793280e+03 +(5e+00,7e+00) | 1.37e+05 |  4:2.4e-04  3:1.3e+01
  320 ,   3201 : 2.8704079807228e+03 +(1e+01,8e+01) | 1.97e+05 |  4:6.4e-04  3:3.8e+01
  330 ,   3301 : 2.7878378822831e+03 +(2e+01,8e+01) | 3.18e+05 |  4:1.9e-03  3:1.4e+02
  340 ,   3401 : 2.1796140075576e+03 +(5e+02,3e+04) | 4.93e+05 |  4:4.8e-03  3:3.8e+02
  350 ,   3501 : 2.2084032381958e+03 +(4e+02,1e+06) | 4.21e+05 |  4:5.6e-03  3:4.2e+02
  360 ,   3601 : 2.2173308347925e+03 +(9e+05,1e+06) | 3.97e+05 |  4:5.7e-03  3:4.1e+02
  370 ,   3701 : 1.8871034320813e+03 +(6e+02,1e+06) | 3.45e+05 |  4:3.5e-03  3:2.5e+02
  380 ,   3801 : 1.7865495221406e+03 +(4e+02,1e+06) | 2.99e+05 |  4:2.1e-03  3:1.4e+02
  390 ,   3901 : 1.4521710359751e+03 +(7e+02,9e+05) | 2.62e+05 |  4:1.6e-03  3:1.0e+02
Iterat, #Fevals:   Function Value    (median,worst) |Axis Ratio|idx:Min SD idx:Max SD
  400 ,   4001 : 1.7521805292885e+03 +(5e+02,9e+05) | 2.40e+05 |  4:1.1e-03  3:6.5e+01
  410 ,   4101 : 1.2974229041398e+03 +(7e+02,9e+05) | 2.19e+05 |  4:7.9e-04  3:4.4e+01
  420 ,   4201 : 1.3071105902080e+03 +(5e+02,9e+05) | 1.93e+05 |  4:6.3e-04  3:3.0e+01
  430 ,   4301 : 1.2298038704119e+03 +(6e+02,9e+05) | 1.62e+05 |  4:5.1e-04  3:2.2e+01
  440 ,   4401 : 1.4931349831068e+03 +(4e+02,9e+05) | 1.49e+05 |  4:4.2e-04  3:1.5e+01
  450 ,   4501 : 1.3758486437893e+03 +(3e+02,9e+05) | 1.32e+05 |  4:4.3e-04  3:1.5e+01
  460 ,   4601 : 1.1347419782580e+03 +(3e+02,9e+05) | 1.18e+05 |  4:2.6e-04  3:8.3e+00
  470 ,   4701 : 1.2296013028204e+03 +(3e+02,9e+05) | 9.60e+04 |  4:1.7e-04  3:4.9e+00
  480 ,   4801 : 1.1495171246554e+03 +(2e+02,9e+05) | 8.70e+04 |  4:8.5e-05  3:2.2e+00
  490 ,   4901 : 1.1359962390637e+03 +(6e+05,9e+05) | 7.45e+04 |  4:9.4e-05  3:2.0e+00
Iterat, #Fevals:   Function Value    (median,worst) |Axis Ratio|idx:Min SD idx:Max SD
  500 ,   5001 : 1.1314797658514e+03 +(2e+02,9e+05) | 6.74e+04 |  4:7.6e-05  3:1.3e+00
  510 ,   5101 : 1.1336913452589e+03 +(8e+01,9e+05) | 6.20e+04 |  6:6.6e-05  3:9.9e-01
  520 ,   5201 : 1.1401030385600e+03 +(7e+01,9e+05) | 5.29e+04 |  6:6.4e-05  3:8.5e-01
  530 ,   5301 : 1.1337227270180e+03 +(2e+01,9e+01) | 4.81e+04 |  6:4.3e-05  3:5.4e-01
  540 ,   5401 : 1.1325122700359e+03 +(2e+00,3e+01) | 4.24e+04 |  6:1.8e-05  3:2.2e-01
  550 ,   5501 : 1.1309109098572e+03 +(2e+00,1e+01) | 3.63e+04 |  6:1.5e-05  3:1.6e-01
  560 ,   5601 : 1.1284202908759e+03 +(4e+00,7e+01) | 3.14e+04 |  6:2.6e-05  3:2.2e-01
  570 ,   5701 : 1.1201380471486e+03 +(8e+00,5e+01) | 2.73e+04 |  6:4.2e-05  3:2.8e-01
  580 ,   5801 : 1.1083990855468e+03 +(2e+01,1e+02) | 2.39e+04 |  6:6.1e-05  3:3.7e-01
  590 ,   5901 : 1.1019540730342e+03 +(3e+01,2e+02) | 2.13e+04 |  6:5.9e-05  3:2.5e-01
Iterat, #Fevals:   Function Value    (median,worst) |Axis Ratio|idx:Min SD idx:Max SD
  600 ,   6001 : 1.0750136628292e+03 +(2e+01,5e+01) | 1.98e+04 |  4:1.2e-04  3:4.2e-01
  610 ,   6101 : 1.0776863672781e+03 +(2e+01,9e+05) | 1.59e+04 |  4:1.5e-04  3:4.0e-01
  620 ,   6201 : 1.0675092103676e+03 +(4e+00,3e+01) | 1.47e+04 |  4:8.6e-05  3:2.1e-01
  630 ,   6301 : 1.0664696979899e+03 +(2e+00,2e+01) | 1.31e+04 |  4:5.8e-05  3:1.3e-01
  640 ,   6401 : 1.0663774216622e+03 +(7e-01,4e+00) | 1.07e+04 |  4:4.8e-05  3:8.5e-02
  650 ,   6501 : 1.0659384065848e+03 +(4e-01,4e+00) | 9.34e+03 |  4:5.8e-05  3:7.1e-02
  660 ,   6601 : 1.0655120832805e+03 +(1e-01,2e+00) | 8.22e+03 |  4:3.4e-05  3:3.9e-02
  670 ,   6701 : 1.0653973400721e+03 +(2e-01,1e+00) | 6.92e+03 |  4:2.8e-05  3:2.5e-02
  680 ,   6801 : 1.0653580155726e+03 +(6e-02,2e-01) | 5.74e+03 |  4:2.2e-05  3:1.7e-02
  690 ,   6901 : 1.0653125101161e+03 +(1e-02,8e-02) | 4.92e+03 |  4:1.5e-05  3:1.0e-02
Iterat, #Fevals:   Function Value    (median,worst) |Axis Ratio|idx:Min SD idx:Max SD
  700 ,   7001 : 1.0652283341223e+03 +(9e-02,6e-01) | 4.07e+03 |  4:3.8e-05  3:2.1e-02
  710 ,   7101 : 1.0651207709044e+03 +(4e-02,6e-01) | 3.15e+03 |  4:3.2e-05  3:1.7e-02
  720 ,   7201 : 1.0649263791717e+03 +(8e-02,3e-01) | 2.86e+03 |  4:3.8e-05  3:1.7e-02
  730 ,   7301 : 1.0637425136902e+03 +(7e-01,2e+00) | 2.73e+03 |  4:1.4e-04  3:4.9e-02
  740 ,   7401 : 1.0609246691433e+03 +(2e+00,9e+00) | 2.25e+03 |  4:3.8e-04  3:9.5e-02
  750 ,   7501 : 1.0461484671768e+03 +(9e+00,3e+01) | 1.94e+03 |  4:9.6e-04  3:1.4e-01
  760 ,   7601 : 9.9778553722227e+02 +(2e+01,7e+01) | 1.75e+03 |  4:3.3e-03  3:2.8e-01
  770 ,   7701 : 9.5170055804571e+02 +(3e+01,1e+02) | 1.69e+03 |  4:5.3e-03  3:3.4e-01
  780 ,   7801 : 9.3897420245729e+02 +(3e+01,9e+01) | 1.67e+03 |  4:3.2e-03  3:2.1e-01
  790 ,   7901 : 9.0433828089559e+02 +(2e+01,8e+01) | 1.55e+03 |  4:2.2e-03  3:1.4e-01
Iterat, #Fevals:   Function Value    (median,worst) |Axis Ratio|idx:Min SD idx:Max SD
  800 ,   8001 : 9.0860057524126e+02 +(2e+00,1e+01) | 1.34e+03 |  4:9.9e-04  3:6.7e-02
  810 ,   8101 : 9.0545395550045e+02 +(2e+00,7e+00) | 1.30e+03 |  4:6.9e-04  3:5.0e-02
  820 ,   8201 : 9.0285969899715e+02 +(2e+00,4e+00) | 1.19e+03 |  4:5.3e-04  3:3.8e-02
  830 ,   8301 : 9.0218406235175e+02 +(7e-01,2e+00) | 1.07e+03 |  4:4.0e-04  1:3.1e-02
  840 ,   8401 : 8.9658928515940e+02 +(3e+00,6e+00) | 1.09e+03 |  4:6.8e-04  1:5.5e-02
  850 ,   8501 : 8.8411500423887e+02 +(6e+00,1e+01) | 1.13e+03 |  4:1.1e-03  1:9.6e-02
  860 ,   8601 : 8.7282433613032e+02 +(1e+01,2e+01) | 1.19e+03 |  4:9.7e-04  1:8.8e-02
  870 ,   8701 : 8.7653073988101e+02 +(3e+00,6e+00) | 1.18e+03 |  4:4.5e-04  1:4.4e-02
  880 ,   8801 : 8.7295355772465e+02 +(4e+00,6e+00) | 1.22e+03 |  4:6.2e-04  1:5.0e-02
  890 ,   8901 : 8.7296550448427e+02 +(3e+00,6e+00) | 1.22e+03 |  4:8.6e-04  1:5.7e-02
Iterat, #Fevals:   Function Value    (median,worst) |Axis Ratio|idx:Min SD idx:Max SD
  900 ,   9001 : 8.7215454544776e+02 +(2e+00,6e+00) | 1.22e+03 |  4:5.4e-04  1:3.7e-02
  910 ,   9101 : 8.7169039486869e+02 +(1e+00,2e+00) | 1.34e+03 |  6:8.6e-04  1:4.3e-02
  920 ,   9201 : 8.7073969827995e+02 +(1e+00,3e+00) | 1.37e+03 |  6:7.1e-04  1:4.0e-02
  930 ,   9301 : 8.6986050727856e+02 +(1e+00,2e+00) | 1.30e+03 |  6:4.9e-04  1:2.9e-02
  940 ,   9401 : 8.6981264271446e+02 +(9e-01,2e+00) | 1.33e+03 |  6:2.9e-04  1:2.1e-02
  950 ,   9501 : 8.7034953448311e+02 +(2e-01,8e-01) | 1.26e+03 |  6:1.9e-04  1:1.5e-02
  960 ,   9601 : 8.6940346083199e+02 +(9e-01,1e+00) | 1.22e+03 |  6:2.8e-04  1:2.3e-02
  970 ,   9701 : 8.6887916480192e+02 +(9e-01,2e+00) | 1.31e+03 |  6:4.1e-04  1:4.1e-02
  980 ,   9801 : 8.6798870761311e+02 +(6e-01,3e+00) | 1.22e+03 |  6:4.5e-04  1:4.4e-02
  990 ,   9901 : 8.6631352999002e+02 +(8e-01,2e+00) | 1.14e+03 |  6:5.2e-04  1:5.1e-02
Iterat, #Fevals:   Function Value    (median,worst) |Axis Ratio|idx:Min SD idx:Max SD
 1000 ,  10001 : 8.5304733489988e+02 +(6e+00,1e+01) | 1.10e+03 |  6:1.1e-03  1:1.1e-01
 1010 ,  10101 : 8.3173501393983e+02 +(1e+01,2e+01) | 1.04e+03 |  6:1.2e-03  1:1.3e-01
 1020 ,  10201 : 7.3539935770557e+02 +(9e+01,3e+02) | 9.77e+02 |  6:4.7e-03  1:4.5e-01
 1030 ,  10301 : 7.2515589259100e+02 +(3e+01,1e+03) | 6.92e+02 |  6:2.7e-03  1:2.2e-01
 1040 ,  10401 : 7.0904480734857e+02 +(3e+01,1e+02) | 6.87e+02 |  6:1.9e-03  1:1.4e-01
 1050 ,  10501 : 7.0478271740231e+02 +(8e+00,2e+01) | 6.12e+02 |  6:9.4e-04  1:6.5e-02
 1060 ,  10601 : 7.0407984435489e+02 +(4e+00,9e+00) | 5.65e+02 |  6:6.3e-04  1:4.0e-02
 1070 ,  10701 : 7.0558033560877e+02 +(2e+00,2e+00) | 5.59e+02 |  6:3.2e-04  3:2.0e-02
 1080 ,  10801 : 7.0424506682619e+02 +(1e+00,2e+00) | 5.89e+02 |  6:2.9e-04  3:1.7e-02
 1090 ,  10901 : 7.0383615018346e+02 +(1e+00,2e+00) | 6.55e+02 |  6:3.2e-04  3:1.9e-02
Iterat, #Fevals:   Function Value    (median,worst) |Axis Ratio|idx:Min SD idx:Max SD
 1100 ,  11001 : 7.0282447869993e+02 +(1e+00,2e+00) | 6.46e+02 |  6:2.6e-04  3:1.5e-02
 1110 ,  11101 : 7.0129033650873e+02 +(2e+00,4e+00) | 6.63e+02 |  6:8.8e-04  3:4.4e-02
 1120 ,  11201 : 6.9949958088688e+02 +(2e+00,9e+00) | 5.61e+02 |  6:1.1e-03  3:5.1e-02
 1130 ,  11301 : 6.9583315058454e+02 +(4e+00,8e+00) | 5.46e+02 |  6:1.1e-03  3:5.1e-02
 1140 ,  11401 : 6.9448577321779e+02 +(2e+00,3e+00) | 5.41e+02 |  6:1.0e-03  3:4.8e-02
 1150 ,  11501 : 6.9176279043898e+02 +(1e+00,3e+00) | 5.43e+02 |  6:7.0e-04  3:3.6e-02
 1160 ,  11601 : 6.8254206225495e+02 +(6e+00,1e+01) | 5.47e+02 |  6:1.4e-03  3:7.1e-02
 1170 ,  11701 : 6.7460938755368e+02 +(4e+00,1e+01) | 5.32e+02 |  6:1.0e-03  3:5.7e-02
 1180 ,  11801 : 6.7378638838529e+02 +(5e+00,9e+00) | 5.18e+02 |  6:1.0e-03  3:5.4e-02
 1190 ,  11901 : 6.7252625933824e+02 +(2e+00,4e+00) | 4.39e+02 |  6:6.1e-04  3:3.3e-02
Iterat, #Fevals:   Function Value    (median,worst) |Axis Ratio|idx:Min SD idx:Max SD
 1200 ,  12001 : 6.7300410201083e+02 +(1e+00,3e+00) | 4.41e+02 |  6:3.3e-04  3:1.8e-02
 1210 ,  12101 : 6.7297070470771e+02 +(6e-01,1e+00) | 4.26e+02 |  6:1.8e-04  3:9.3e-03
 1220 ,  12201 : 6.7223752421157e+02 +(8e-01,1e+00) | 4.12e+02 |  6:1.9e-04  3:9.6e-03
 1230 ,  12301 : 6.7285105178687e+02 +(2e-01,5e-01) | 4.17e+02 |  6:1.5e-04  3:6.6e-03
 1240 ,  12401 : 6.7084402391790e+02 +(1e+00,2e+00) | 3.84e+02 |  6:4.7e-04  3:2.1e-02
 1250 ,  12501 : 6.6952440008131e+02 +(7e-01,2e+00) | 3.83e+02 |  6:4.7e-04  3:2.3e-02
 1260 ,  12601 : 6.6469618139184e+02 +(9e-01,5e+00) | 3.82e+02 |  6:9.4e-04  3:4.7e-02
 1270 ,  12701 : 6.4167703413502e+02 +(9e+00,2e+01) | 3.64e+02 |  6:2.6e-03  3:1.2e-01
 1280 ,  12801 : 5.6222916245302e+02 +(6e+01,5e+02) | 3.55e+02 |  6:5.5e-03  3:2.5e-01
 1290 ,  12901 : 5.8893387428335e+02 +(7e+01,2e+04) | 3.33e+02 |  6:4.6e-03  3:2.1e-01
Iterat, #Fevals:   Function Value    (median,worst) |Axis Ratio|idx:Min SD idx:Max SD
 1300 ,  13001 : 5.4471684562970e+02 +(2e+01,3e+02) | 2.85e+02 |  6:3.8e-03  3:1.5e-01
 1310 ,  13101 : 5.3817329413819e+02 +(7e+00,1e+01) | 2.42e+02 |  6:2.5e-03  3:9.7e-02
 1320 ,  13201 : 5.3480711972916e+02 +(3e+00,6e+00) | 2.39e+02 |  6:1.6e-03  3:6.2e-02
 1330 ,  13301 : 5.2970807219665e+02 +(1e+00,4e+00) | 2.48e+02 |  6:9.6e-04  3:3.6e-02
 1340 ,  13401 : 5.2640476692334e+02 +(1e+00,3e+00) | 2.28e+02 |  6:1.1e-03  3:3.4e-02
 1350 ,  13501 : 5.2658567512890e+02 +(3e-01,1e+00) | 2.43e+02 |  6:6.8e-04  3:2.0e-02
 1360 ,  13601 : 5.2597330713263e+02 +(1e-01,7e-01) | 2.41e+02 |  6:5.1e-04  3:1.5e-02
 1370 ,  13701 : 5.2546761583221e+02 +(1e-01,7e-01) | 2.34e+02 |  6:5.0e-04  3:1.5e-02
 1380 ,  13801 : 5.2502805664606e+02 +(2e-01,7e-01) | 2.19e+02 |  6:5.9e-04  3:1.3e-02
 1390 ,  13901 : 5.2394467633594e+02 +(6e-01,3e+00) | 1.97e+02 |  6:1.4e-03  3:2.7e-02
Iterat, #Fevals:   Function Value    (median,worst) |Axis Ratio|idx:Min SD idx:Max SD
 1400 ,  14001 : 5.2255268703487e+02 +(1e+00,3e+00) | 1.80e+02 |  6:1.3e-03  3:2.5e-02
 1410 ,  14101 : 5.2202798523333e+02 +(5e-01,1e+00) | 1.69e+02 |  6:7.5e-04  3:1.4e-02
 1420 ,  14201 : 5.2213519722748e+02 +(4e-01,6e-01) | 1.35e+02 |  6:7.1e-04  3:1.3e-02
 1430 ,  14301 : 5.2220020467813e+02 +(2e-01,3e-01) | 1.20e+02 |  6:4.4e-04  3:6.9e-03
 1440 ,  14401 : 5.2179494400118e+02 +(2e-01,5e-01) | 9.67e+01 |  4:4.6e-04  3:8.4e-03
 1450 ,  14501 : 5.2181777083763e+02 +(1e-01,3e-01) | 7.61e+01 |  4:5.8e-04  3:1.1e-02
 1460 ,  14601 : 5.2129756253676e+02 +(4e-01,9e-01) | 5.86e+01 |  4:6.6e-04  3:1.3e-02
 1470 ,  14701 : 5.2034412794968e+02 +(3e-01,6e-01) | 4.01e+01 |  4:9.6e-04  3:2.3e-02
 1480 ,  14801 : 5.1798550708405e+02 +(7e-01,6e+00) | 3.19e+01 |  4:1.4e-03  3:3.4e-02
 1490 ,  14901 : 5.0752362396642e+02 +(7e+00,3e+01) | 2.54e+01 |  4:5.4e-03  3:1.3e-01
Iterat, #Fevals:   Function Value    (median,worst) |Axis Ratio|idx:Min SD idx:Max SD
 1500 ,  15001 : 4.8629993807161e+02 +(2e+01,2e+01) | 2.70e+01 |  4:5.7e-03  3:1.4e-01
 1510 ,  15101 : 4.7391855573999e+02 +(1e+01,3e+01) | 2.61e+01 |  4:4.4e-03  3:1.1e-01
 1520 ,  15201 : 4.6818049821818e+02 +(5e+00,1e+01) | 2.26e+01 |  4:3.4e-03  3:7.0e-02
 1530 ,  15301 : 4.6553197366951e+02 +(1e+00,2e+00) | 2.28e+01 |  4:1.5e-03  3:3.0e-02
 1540 ,  15401 : 4.6502427287976e+02 +(5e-01,1e+00) | 2.00e+01 |  4:1.4e-03  3:2.3e-02
 1550 ,  15501 : 4.6491535063603e+02 +(8e-02,2e-01) | 2.00e+01 |  4:6.0e-04  3:9.1e-03
 1560 ,  15601 : 4.6484292025025e+02 +(3e-02,7e-02) | 1.73e+01 |  8:3.7e-04  3:5.2e-03
 1570 ,  15701 : 4.6478533325806e+02 +(6e-02,2e-01) | 1.61e+01 |  8:4.8e-04  3:7.0e-03
 1580 ,  15801 : 4.6467458574578e+02 +(3e-02,9e-02) | 1.64e+01 |  8:4.4e-04  3:6.6e-03
 1590 ,  15901 : 4.6449337078752e+02 +(2e-01,4e-01) | 1.54e+01 |  8:6.9e-04  3:1.0e-02
Iterat, #Fevals:   Function Value    (median,worst) |Axis Ratio|idx:Min SD idx:Max SD
 1600 ,  16001 : 4.6445602376212e+02 +(1e-01,4e-01) | 1.46e+01 |  8:1.1e-03  3:1.5e-02
 1610 ,  16101 : 4.6382134546488e+02 +(1e-01,4e-01) | 1.40e+01 |  8:8.9e-04  3:1.2e-02
 1620 ,  16201 : 4.6350645876653e+02 +(2e-01,4e-01) | 1.39e+01 |  8:8.0e-04  3:1.0e-02
 1630 ,  16301 : 4.6327066638970e+02 +(6e-02,3e-01) | 1.62e+01 |  8:7.4e-04  3:9.7e-03
 1640 ,  16401 : 4.6314332001593e+02 +(5e-02,1e-01) | 2.05e+01 |  8:4.6e-04  4:6.8e-03
 1650 ,  16501 : 4.6310207822682e+02 +(1e-02,3e-02) | 2.24e+01 |  8:2.1e-04  4:3.3e-03
 1660 ,  16601 : 4.6309931777194e+02 +(3e-03,8e-03) | 2.57e+01 |  8:1.2e-04  4:2.1e-03
 1670 ,  16701 : 4.6309684549110e+02 +(7e-04,3e-03) | 2.87e+01 |  8:7.3e-05  4:1.5e-03
 1680 ,  16801 : 4.6309336361164e+02 +(2e-03,4e-03) | 2.93e+01 |  8:7.7e-05  4:1.6e-03
 1690 ,  16901 : 4.6309007156082e+02 +(2e-03,6e-03) | 2.90e+01 |  8:8.0e-05  4:1.5e-03
Iterat, #Fevals:   Function Value    (median,worst) |Axis Ratio|idx:Min SD idx:Max SD
 1700 ,  17001 : 4.6307694743553e+02 +(1e-02,2e-02) | 3.28e+01 |  8:1.7e-04  5:3.5e-03
 1710 ,  17101 : 4.6306568434353e+02 +(1e-02,2e-02) | 3.57e+01 |  8:1.9e-04  5:4.9e-03
 1720 ,  17201 : 4.6301830903247e+02 +(2e-02,4e-02) | 5.94e+01 |  8:2.3e-04  5:1.0e-02
 1730 ,  17301 : 4.6290698161407e+02 +(7e-02,1e-01) | 9.44e+01 |  8:3.6e-04  5:2.7e-02
 1740 ,  17401 : 4.6261784493757e+02 +(1e-01,2e-01) | 1.56e+02 |  8:4.2e-04  5:5.4e-02
 1750 ,  17501 : 4.6240960478725e+02 +(7e-02,2e-01) | 2.21e+02 |  8:3.2e-04  5:5.8e-02
 1760 ,  17601 : 4.6192405186772e+02 +(3e-01,5e-01) | 2.59e+02 |  8:5.8e-04  5:1.2e-01
 1770 ,  17701 : 4.6193181966484e+02 +(1e-01,1e+00) | 2.51e+02 |  8:4.1e-04  5:8.3e-02
 1780 ,  17801 : 4.6184386950518e+02 +(2e-02,2e-01) | 2.34e+02 |  8:2.4e-04  5:4.5e-02
 1790 ,  17901 : 4.6178036742825e+02 +(8e-03,3e-02) | 2.23e+02 |  8:9.9e-05  5:1.8e-02
Iterat, #Fevals:   Function Value    (median,worst) |Axis Ratio|idx:Min SD idx:Max SD
 1800 ,  18001 : 4.6177143081032e+02 +(5e-03,1e-02) | 2.11e+02 |  8:4.3e-05  5:7.2e-03
 1810 ,  18101 : 4.6176962018446e+02 +(2e-03,5e-03) | 1.89e+02 |  8:3.5e-05  5:4.5e-03
 1820 ,  18201 : 4.6176875924294e+02 +(4e-04,1e-03) | 1.72e+02 |  8:2.2e-05  5:2.5e-03
 1830 ,  18301 : 4.6176836740886e+02 +(2e-04,5e-04) | 1.67e+02 |  8:1.8e-05  5:2.2e-03
 1840 ,  18401 : 4.6176833213763e+02 +(5e-05,2e-04) | 1.66e+02 |  8:8.0e-06  5:9.3e-04
 1850 ,  18501 : 4.6176828128297e+02 +(7e-06,2e-05) | 1.70e+02 |  8:3.8e-06  5:4.7e-04
 1860 ,  18601 : 4.6176827357042e+02 +(5e-06,1e-05) | 1.72e+02 |  8:3.2e-06  5:4.2e-04
 1870 ,  18701 : 4.6176827018975e+02 +(6e-07,3e-06) | 1.67e+02 |  8:1.1e-06  5:1.5e-04
 1880 ,  18801 : 4.6176826941168e+02 +(1e-07,3e-07) | 1.48e+02 |  8:4.9e-07  5:6.0e-05
 1890 ,  18901 : 4.6176826936796e+02 +(2e-08,5e-08) | 1.48e+02 |  8:1.8e-07  5:2.2e-05
Iterat, #Fevals:   Function Value    (median,worst) |Axis Ratio|idx:Min SD idx:Max SD
 1900 ,  19001 : 4.6176826935511e+02 +(3e-09,8e-09) | 1.55e+02 |  8:9.5e-08  5:1.2e-05
 1910 ,  19101 : 4.6176826934970e+02 +(1e-09,7e-09) | 1.48e+02 |  8:5.0e-08  5:6.4e-06
 1914 ,  19141 : 4.6176826934997e+02 +(1e-09,4e-09) | 1.48e+02 |  8:3.8e-08  5:4.9e-06
#Fevals:   f(returned x)   |    bestever.f     | stopflag (saved to variablescmaes.mat)
  19142: 4.61768269350e+02 | 4.61768269350e+02 | tolfun
mean solution: +9.3e-02 +5.7e-01 +8.2e-01 +6.7e-01 +1.8e+00 -1.5e-02 +9.6e-01 +1.0e+00 +4.6e-01
std deviation:  3.2e-07  9.6e-07  2.4e-06  1.3e-06  4.9e-06  2.6e-07  1.8e-07  3.8e-08  3.7e-07
use plotcmaesdat.m for plotting the output at any time (option LogModulo must not be zero)

Final value of minus the log posterior (or likelihood):461.768269 

MODE CHECK

Fval obtained by the minimization routine (minus the posterior/likelihood)): 461.768269

RESULTS FROM POSTERIOR ESTIMATION
parameters
        prior mean     mode    s.d.  prior pstdev

Kappa       0.1000   0.6737  0.0783   gamm 0.0500 
Phi_Pi      2.0000   1.7930  0.3119   unif 0.5774 
Phi_Y       0.1250  -0.0152  0.0177   norm 0.0250 
Rho_D       0.5000   0.9640  0.0124   beta 0.2000 
Rho_Z       0.5000   0.9957  0.0026   beta 0.2000 
Rho_R       0.5000   0.4590  0.0217   beta 0.2000 

standard deviation of shocks
        prior mean     mode    s.d.  prior pstdev

Shock_D     0.1000   0.0927  0.0215   invg 2.0000 
Shock_Z     0.1000   0.5690  0.0640   invg 2.0000 
Shock_R     0.1000   0.8150  0.1447   invg 2.0000 


Log data density [Laplace approximation] is -489.092286.

mh_jscale has been set equal to 0.65972
Estimation::mcmc: Multiple chains mode.
Estimation::mcmc: Searching for initial values...
Estimation::mcmc: Initial values found!

Estimation::mcmc: Write details about the MCMC... Ok!
Estimation::mcmc: Details about the MCMC are available in NK_Uniform/metropolis\NK_Uniform_mh_history_0.mat


Estimation::mcmc: Number of mh files: 1 per block.
Estimation::mcmc: Total number of generated files: 2.
Estimation::mcmc: Total number of iterations: 100000.
Estimation::mcmc: Current acceptance ratio per chain: 
                                                       Chain  1: 31.661%
                                                       Chain  2: 31.103%
Estimation::mcmc: Total number of MH draws per chain: 100000.
Estimation::mcmc: Total number of generated MH files: 1.
Estimation::mcmc: I'll use mh-files 1 to 1.
Estimation::mcmc: In MH-file number 1 I'll start at line 50001.
Estimation::mcmc: Finally I keep 50000 draws per chain.



MCMC Inefficiency factors per block
Parameter        Block 1     Block 2
SE_Shock_D        96.530     136.839
SE_Shock_Z        39.949      48.028
SE_Shock_R       141.758     212.445
Kappa             34.082      38.611
Phi_Pi           142.279     206.967
Phi_Y            116.317     181.034
Rho_D             41.308      36.240
Rho_Z             77.665     106.155
Rho_R             44.108      64.766

Estimation::mcmc::diagnostics: Univariate convergence diagnostic, Brooks and Gelman (1998):
    Parameter 1...  Done! 
    Parameter 2...  Done! 
    Parameter 3...  Done! 
    Parameter 4...  Done! 
    Parameter 5...  Done! 
    Parameter 6...  Done! 
    Parameter 7...  Done! 
    Parameter 8...  Done! 
    Parameter 9...  Done! 

Estimation::marginal density: I'm computing the posterior mean and covariance...  Done!
Estimation::marginal density: I'm computing the posterior log marginal density (modified harmonic mean)... Done!


ESTIMATION RESULTS

Log data density is -488.165547.

parameters
          prior mean   post. mean        90% HPD interval    prior       pstdev

Kappa          0.100       0.6573      0.5554      0.7768     gamm       0.0500
Phi_Pi         2.000       2.3341      1.8113      2.9951     unif       0.5774
Phi_Y          0.125       0.0130     -0.0289      0.0513     norm       0.0250
Rho_D          0.500       0.9602      0.9391      0.9805     beta       0.2000
Rho_Z          0.500       0.9935      0.9882      0.9988     beta       0.2000
Rho_R          0.500       0.4683      0.4341      0.5008     beta       0.2000

standard deviation of shocks
          prior mean   post. mean        90% HPD interval    prior       pstdev

Shock_D        0.100       0.1208      0.0906      0.1490     invg       2.0000
Shock_Z        0.100       0.5497      0.4570      0.6450     invg       2.0000
Shock_R        0.100       1.0799      0.7906      1.3959     invg       2.0000
Total computing time : 0h04m53s
